2013-12-19 16:52:33 - PHP Notice:  Undefined variable: base in C:\xampp\htdocs\kupivertu\catalog\view\theme\default\template\common\MEGAmenu.php on line 13
2013-12-19 16:52:33 - PHP Notice:  Undefined variable: base in C:\xampp\htdocs\kupivertu\catalog\view\theme\default\template\common\MEGAmenu.php on line 23
2013-12-19 16:52:33 - PHP Notice:  Undefined variable: base in C:\xampp\htdocs\kupivertu\catalog\view\theme\default\template\common\MEGAmenu.php on line 27
2013-12-19 16:52:33 - PHP Notice:  Undefined variable: base in C:\xampp\htdocs\kupivertu\catalog\view\theme\default\template\common\MEGAmenu.php on line 23
2013-12-19 16:52:33 - PHP Notice:  Undefined variable: base in C:\xampp\htdocs\kupivertu\catalog\view\theme\default\template\common\MEGAmenu.php on line 27
2013-12-19 16:52:33 - PHP Notice:  Undefined variable: base in C:\xampp\htdocs\kupivertu\catalog\view\theme\default\template\common\MEGAmenu.php on line 23
2013-12-19 16:52:33 - PHP Notice:  Undefined variable: base in C:\xampp\htdocs\kupivertu\catalog\view\theme\default\template\common\MEGAmenu.php on line 27
2013-12-19 16:52:33 - PHP Notice:  Undefined variable: base in C:\xampp\htdocs\kupivertu\catalog\view\theme\default\template\common\MEGAmenu.php on line 13
2013-12-19 16:52:33 - PHP Notice:  Undefined variable: base in C:\xampp\htdocs\kupivertu\catalog\view\theme\default\template\common\MEGAmenu.php on line 13
2013-12-23 17:15:16 - PHP Notice:  Undefined variable: zone_id in C:\xampp\htdocs\kupivertu\catalog\view\theme\default\template\checkout\checkout.tpl on line 257
2013-12-23 17:43:48 - PHP Notice:  Undefined variable: zone_id in C:\xampp\htdocs\kupivertu\catalog\view\theme\default\template\checkout\checkout.tpl on line 257
2013-12-23 17:47:05 - PHP Notice:  Undefined variable: zone_id in C:\xampp\htdocs\kupivertu\catalog\view\theme\default\template\checkout\checkout.tpl on line 259
2013-12-23 17:48:20 - PHP Notice:  Undefined variable: zone_id in C:\xampp\htdocs\kupivertu\catalog\view\theme\default\template\checkout\checkout.tpl on line 259
2013-12-23 17:53:54 - PHP Notice:  Undefined variable: zone_id in C:\xampp\htdocs\kupivertu\catalog\view\theme\default\template\checkout\checkout.tpl on line 259
2013-12-23 17:57:42 - PHP Notice:  Undefined variable: zone_id in C:\xampp\htdocs\kupivertu\catalog\view\theme\default\template\checkout\checkout.tpl on line 245
2013-12-23 17:59:20 - PHP Notice:  Undefined variable: zone_id in C:\xampp\htdocs\kupivertu\catalog\view\theme\default\template\checkout\checkout.tpl on line 240
2013-12-23 18:05:36 - PHP Notice:  Undefined variable: zone_id in C:\xampp\htdocs\kupivertu\catalog\view\theme\default\template\checkout\checkout.tpl on line 240
2013-12-23 18:06:05 - PHP Notice:  Undefined variable: zone_id in C:\xampp\htdocs\kupivertu\catalog\view\theme\default\template\checkout\checkout.tpl on line 240
2013-12-23 18:08:54 - PHP Notice:  Undefined variable: zone_id in C:\xampp\htdocs\kupivertu\catalog\view\theme\default\template\checkout\checkout.tpl on line 240
2013-12-23 18:40:45 - PHP Notice:  Undefined variable: zone_id in C:\xampp\htdocs\kupivertu\catalog\view\theme\default\template\checkout\checkout.tpl on line 240
2013-12-23 18:52:11 - PHP Notice:  Undefined variable: zone_id in C:\xampp\htdocs\kupivertu\catalog\view\theme\default\template\checkout\checkout.tpl on line 240
2013-12-23 18:54:11 - PHP Notice:  Undefined variable: zone_id in C:\xampp\htdocs\kupivertu\catalog\view\theme\default\template\checkout\checkout.tpl on line 240
2013-12-23 19:00:35 - PHP Notice:  Undefined variable: zone_id in C:\xampp\htdocs\kupivertu\catalog\view\theme\default\template\checkout\checkout.tpl on line 241
2013-12-23 19:01:12 - PHP Notice:  Undefined variable: zone_id in C:\xampp\htdocs\kupivertu\catalog\view\theme\default\template\checkout\checkout.tpl on line 241
2013-12-23 19:02:49 - PHP Notice:  Undefined variable: zone_id in C:\xampp\htdocs\kupivertu\catalog\view\theme\default\template\checkout\checkout.tpl on line 240
2013-12-23 19:46:01 - PHP Notice:  Undefined index: payment_company_id in C:\xampp\htdocs\kupivertu\catalog\model\checkout\order.php on line 4
2013-12-23 19:46:01 - PHP Notice:  Undefined index: payment_tax_id in C:\xampp\htdocs\kupivertu\catalog\model\checkout\order.php on line 4
2013-12-23 19:46:01 - PHP Notice:  Undefined index: reward in C:\xampp\htdocs\kupivertu\catalog\model\checkout\order.php on line 9
2013-12-23 19:49:28 - PHP Notice:  Undefined index: reward in C:\xampp\htdocs\kupivertu\catalog\model\checkout\order.php on line 9
2013-12-23 19:49:48 - PHP Notice:  Undefined index: reward in C:\xampp\htdocs\kupivertu\catalog\model\checkout\order.php on line 9
2013-12-23 19:54:06 - PHP Notice:  Undefined variable: zone_id in C:\xampp\htdocs\kupivertu\catalog\view\theme\default\template\checkout\checkout.tpl on line 257
2013-12-23 20:08:16 - PHP Notice:  Undefined variable: zone_id in C:\xampp\htdocs\kupivertu\catalog\view\theme\default\template\checkout\checkout.tpl on line 257
2013-12-23 20:08:41 - PHP Notice:  Undefined variable: zone_id in C:\xampp\htdocs\kupivertu\catalog\view\theme\default\template\checkout\checkout.tpl on line 257
2013-12-23 20:08:44 - PHP Notice:  Undefined variable: zone_id in C:\xampp\htdocs\kupivertu\catalog\view\theme\default\template\checkout\checkout.tpl on line 257
2013-12-23 20:09:39 - PHP Notice:  Undefined variable: zone_id in C:\xampp\htdocs\kupivertu\catalog\view\theme\default\template\checkout\checkout.tpl on line 257
2013-12-23 20:13:00 - PHP Notice:  Undefined variable: zone_id in C:\xampp\htdocs\kupivertu\catalog\view\theme\default\template\checkout\checkout.tpl on line 257
2013-12-23 20:13:51 - PHP Notice:  Undefined variable: zone_id in C:\xampp\htdocs\kupivertu\catalog\view\theme\default\template\checkout\checkout.tpl on line 257
2013-12-23 20:15:00 - PHP Notice:  Undefined variable: zone_id in C:\xampp\htdocs\kupivertu\catalog\view\theme\default\template\checkout\checkout.tpl on line 257
2013-12-23 20:15:04 - PHP Notice:  Undefined variable: zone_id in C:\xampp\htdocs\kupivertu\catalog\view\theme\default\template\checkout\checkout.tpl on line 257
2013-12-23 20:17:05 - PHP Notice:  Undefined variable: zone_id in C:\xampp\htdocs\kupivertu\catalog\view\theme\default\template\checkout\checkout.tpl on line 257
2013-12-23 20:18:29 - PHP Notice:  Undefined variable: zone_id in C:\xampp\htdocs\kupivertu\catalog\view\theme\default\template\checkout\checkout.tpl on line 257
2013-12-23 20:20:40 - PHP Notice:  Undefined variable: zone_id in C:\xampp\htdocs\kupivertu\catalog\view\theme\default\template\checkout\checkout.tpl on line 257
2013-12-23 20:34:39 - PHP Notice:  Undefined index: payment_method in C:\xampp\htdocs\kupivertu\catalog\controller\checkout\checkout.php on line 360
2013-12-23 20:34:39 - PHP Notice:  Undefined index: shipping_method in C:\xampp\htdocs\kupivertu\catalog\controller\checkout\checkout.php on line 361
2013-12-23 20:34:52 - PHP Notice:  Undefined index: payment_method in C:\xampp\htdocs\kupivertu\catalog\controller\checkout\checkout.php on line 360
2013-12-23 20:34:52 - PHP Notice:  Undefined index: shipping_method in C:\xampp\htdocs\kupivertu\catalog\controller\checkout\checkout.php on line 361
2013-12-23 20:35:42 - PHP Notice:  Undefined index: shipping_method in C:\xampp\htdocs\kupivertu\catalog\controller\checkout\checkout.php on line 361
2013-12-23 20:36:43 - PHP Notice:  Undefined index: shipping_method in C:\xampp\htdocs\kupivertu\catalog\controller\checkout\checkout.php on line 361
2013-12-23 20:37:41 - PHP Notice:  Undefined index: shipping_method in C:\xampp\htdocs\kupivertu\catalog\controller\checkout\checkout.php on line 361
2013-12-23 20:39:06 - PHP Notice:  Undefined index: shipping_method in C:\xampp\htdocs\kupivertu\catalog\controller\checkout\checkout.php on line 361
2013-12-23 20:41:28 - PHP Notice:  Undefined index: shipping_method in C:\xampp\htdocs\kupivertu\catalog\controller\checkout\checkout.php on line 361
2013-12-23 20:41:48 - PHP Notice:  Undefined variable: zone_id in C:\xampp\htdocs\kupivertu\catalog\view\theme\default\template\checkout\checkout.tpl on line 257
2013-12-23 20:43:04 - PHP Notice:  Undefined index: shipping_method in C:\xampp\htdocs\kupivertu\catalog\controller\checkout\checkout.php on line 361
2013-12-23 20:43:52 - PHP Notice:  Undefined variable: zone_id in C:\xampp\htdocs\kupivertu\catalog\view\theme\default\template\checkout\checkout.tpl on line 257
2013-12-23 20:46:31 - PHP Notice:  Undefined index: shipping_method in C:\xampp\htdocs\kupivertu\catalog\controller\checkout\checkout.php on line 361
2013-12-23 20:46:50 - PHP Notice:  Undefined index: shipping_method in C:\xampp\htdocs\kupivertu\catalog\controller\checkout\checkout.php on line 361
2013-12-23 20:47:01 - PHP Notice:  Undefined index: shipping_method in C:\xampp\htdocs\kupivertu\catalog\controller\checkout\checkout.php on line 361
2013-12-23 20:47:04 - PHP Notice:  Undefined index: shipping_method in C:\xampp\htdocs\kupivertu\catalog\controller\checkout\checkout.php on line 361
2013-12-26 18:16:23 - PHP Notice:  Undefined variable: categories in C:\xampp\htdocs\kupivertu\catalog\view\theme\default\template\product\special.tpl on line 76
